<?xml version="1.0" encoding="UTF-8"?>
<testsuite xmlns:xsi="http://www.w3.org/2001/XMLSchema-instance" xsi:noNamespaceSchemaLocation="https://maven.apache.org/surefire/maven-surefire-plugin/xsd/surefire-test-report.xsd" name="com.example.owen.books.TestMainVerticle" time="2.777" tests="1" errors="0" skipped="0" failures="0">
  <properties>
    <property name="sun.desktop" value="windows"/>
    <property name="awt.toolkit" value="sun.awt.windows.WToolkit"/>
    <property name="java.specification.version" value="11"/>
    <property name="sun.cpu.isalist" value="amd64"/>
    <property name="sun.jnu.encoding" value="Cp1252"/>
    <property name="java.class.path" value="C:\Users\OwenAkli\Projects\web\learning-vertx\target\test-classes;C:\Users\OwenAkli\Projects\web\learning-vertx\target\classes;C:\Users\OwenAkli\.m2\repository\org\postgresql\postgresql\42.2.1\postgresql-42.2.1.jar;C:\Users\OwenAkli\.m2\repository\org\apache\logging\log4j\log4j-api\2.13.1\log4j-api-2.13.1.jar;C:\Users\OwenAkli\.m2\repository\org\apache\logging\log4j\log4j-core\2.13.1\log4j-core-2.13.1.jar;C:\Users\OwenAkli\.m2\repository\org\apache\logging\log4j\log4j-slf4j-impl\2.13.1\log4j-slf4j-impl-2.13.1.jar;C:\Users\OwenAkli\.m2\repository\org\slf4j\slf4j-api\1.7.25\slf4j-api-1.7.25.jar;C:\Users\OwenAkli\.m2\repository\io\vertx\vertx-web\3.7.1\vertx-web-3.7.1.jar;C:\Users\OwenAkli\.m2\repository\io\vertx\vertx-web-common\3.7.1\vertx-web-common-3.7.1.jar;C:\Users\OwenAkli\.m2\repository\io\vertx\vertx-auth-common\3.7.1\vertx-auth-common-3.7.1.jar;C:\Users\OwenAkli\.m2\repository\io\vertx\vertx-bridge-common\3.7.1\vertx-bridge-common-3.7.1.jar;C:\Users\OwenAkli\.m2\repository\io\vertx\vertx-core\3.7.1\vertx-core-3.7.1.jar;C:\Users\OwenAkli\.m2\repository\io\netty\netty-common\4.1.34.Final\netty-common-4.1.34.Final.jar;C:\Users\OwenAkli\.m2\repository\io\netty\netty-buffer\4.1.34.Final\netty-buffer-4.1.34.Final.jar;C:\Users\OwenAkli\.m2\repository\io\netty\netty-transport\4.1.34.Final\netty-transport-4.1.34.Final.jar;C:\Users\OwenAkli\.m2\repository\io\netty\netty-handler\4.1.34.Final\netty-handler-4.1.34.Final.jar;C:\Users\OwenAkli\.m2\repository\io\netty\netty-codec\4.1.34.Final\netty-codec-4.1.34.Final.jar;C:\Users\OwenAkli\.m2\repository\io\netty\netty-handler-proxy\4.1.34.Final\netty-handler-proxy-4.1.34.Final.jar;C:\Users\OwenAkli\.m2\repository\io\netty\netty-codec-socks\4.1.34.Final\netty-codec-socks-4.1.34.Final.jar;C:\Users\OwenAkli\.m2\repository\io\netty\netty-codec-http\4.1.34.Final\netty-codec-http-4.1.34.Final.jar;C:\Users\OwenAkli\.m2\repository\io\netty\netty-codec-http2\4.1.34.Final\netty-codec-http2-4.1.34.Final.jar;C:\Users\OwenAkli\.m2\repository\io\netty\netty-resolver\4.1.34.Final\netty-resolver-4.1.34.Final.jar;C:\Users\OwenAkli\.m2\repository\io\netty\netty-resolver-dns\4.1.34.Final\netty-resolver-dns-4.1.34.Final.jar;C:\Users\OwenAkli\.m2\repository\io\netty\netty-codec-dns\4.1.34.Final\netty-codec-dns-4.1.34.Final.jar;C:\Users\OwenAkli\.m2\repository\com\fasterxml\jackson\core\jackson-core\2.9.8\jackson-core-2.9.8.jar;C:\Users\OwenAkli\.m2\repository\com\fasterxml\jackson\core\jackson-databind\2.9.8\jackson-databind-2.9.8.jar;C:\Users\OwenAkli\.m2\repository\com\fasterxml\jackson\core\jackson-annotations\2.9.8\jackson-annotations-2.9.8.jar;C:\Users\OwenAkli\.m2\repository\io\vertx\vertx-jdbc-client\3.7.1\vertx-jdbc-client-3.7.1.jar;C:\Users\OwenAkli\.m2\repository\io\vertx\vertx-sql-common\3.7.1\vertx-sql-common-3.7.1.jar;C:\Users\OwenAkli\.m2\repository\com\mchange\c3p0\0.9.5.2\c3p0-0.9.5.2.jar;C:\Users\OwenAkli\.m2\repository\com\mchange\mchange-commons-java\0.2.11\mchange-commons-java-0.2.11.jar;C:\Users\OwenAkli\.m2\repository\io\vertx\vertx-junit5\3.7.1\vertx-junit5-3.7.1.jar;C:\Users\OwenAkli\.m2\repository\io\vertx\vertx-rx-java\3.7.1\vertx-rx-java-3.7.1.jar;C:\Users\OwenAkli\.m2\repository\io\reactivex\rxjava\1.3.8\rxjava-1.3.8.jar;C:\Users\OwenAkli\.m2\repository\io\vertx\vertx-rx-gen\3.7.1\vertx-rx-gen-3.7.1.jar;C:\Users\OwenAkli\.m2\repository\io\vertx\vertx-codegen\3.7.1\vertx-codegen-3.7.1.jar;C:\Users\OwenAkli\.m2\repository\org\mvel\mvel2\2.3.1.Final\mvel2-2.3.1.Final.jar;C:\Users\OwenAkli\.m2\repository\io\vertx\vertx-rx-java2\3.7.1\vertx-rx-java2-3.7.1.jar;C:\Users\OwenAkli\.m2\repository\io\reactivex\rxjava2\rxjava\2.2.4\rxjava-2.2.4.jar;C:\Users\OwenAkli\.m2\repository\org\reactivestreams\reactive-streams\1.0.2\reactive-streams-1.0.2.jar;C:\Users\OwenAkli\.m2\repository\org\junit\jupiter\junit-jupiter-api\5.4.0\junit-jupiter-api-5.4.0.jar;C:\Users\OwenAkli\.m2\repository\org\apiguardian\apiguardian-api\1.0.0\apiguardian-api-1.0.0.jar;C:\Users\OwenAkli\.m2\repository\org\opentest4j\opentest4j\1.1.1\opentest4j-1.1.1.jar;C:\Users\OwenAkli\.m2\repository\org\junit\platform\junit-platform-commons\1.4.0\junit-platform-commons-1.4.0.jar;C:\Users\OwenAkli\.m2\repository\org\junit\jupiter\junit-jupiter-engine\5.4.0\junit-jupiter-engine-5.4.0.jar;C:\Users\OwenAkli\.m2\repository\org\junit\platform\junit-platform-engine\1.4.0\junit-platform-engine-1.4.0.jar;"/>
    <property name="java.vm.vendor" value="AdoptOpenJDK"/>
    <property name="sun.arch.data.model" value="64"/>
    <property name="user.variant" value=""/>
    <property name="java.vendor.url" value="https://adoptopenjdk.net/"/>
    <property name="user.timezone" value="GMT"/>
    <property name="java.vm.specification.version" value="11"/>
    <property name="os.name" value="Windows 10"/>
    <property name="sun.java.launcher" value="SUN_STANDARD"/>
    <property name="user.country" value="US"/>
    <property name="sun.boot.library.path" value="C:\Program Files\AdoptOpenJDK\jdk-11.0.6.10-hotspot\bin"/>
    <property name="sun.java.command" value="C:\Users\OwenAkli\AppData\Local\Temp\surefire430321989791553819\surefirebooter7628794997992971335.jar C:\Users\OwenAkli\AppData\Local\Temp\surefire430321989791553819 2020-04-06T22-08-39_596-jvmRun1 surefire12339437174203298855tmp surefire_09797631700167738000tmp"/>
    <property name="jdk.debug" value="release"/>
    <property name="surefire.test.class.path" value="C:\Users\OwenAkli\Projects\web\learning-vertx\target\test-classes;C:\Users\OwenAkli\Projects\web\learning-vertx\target\classes;C:\Users\OwenAkli\.m2\repository\org\postgresql\postgresql\42.2.1\postgresql-42.2.1.jar;C:\Users\OwenAkli\.m2\repository\org\apache\logging\log4j\log4j-api\2.13.1\log4j-api-2.13.1.jar;C:\Users\OwenAkli\.m2\repository\org\apache\logging\log4j\log4j-core\2.13.1\log4j-core-2.13.1.jar;C:\Users\OwenAkli\.m2\repository\org\apache\logging\log4j\log4j-slf4j-impl\2.13.1\log4j-slf4j-impl-2.13.1.jar;C:\Users\OwenAkli\.m2\repository\org\slf4j\slf4j-api\1.7.25\slf4j-api-1.7.25.jar;C:\Users\OwenAkli\.m2\repository\io\vertx\vertx-web\3.7.1\vertx-web-3.7.1.jar;C:\Users\OwenAkli\.m2\repository\io\vertx\vertx-web-common\3.7.1\vertx-web-common-3.7.1.jar;C:\Users\OwenAkli\.m2\repository\io\vertx\vertx-auth-common\3.7.1\vertx-auth-common-3.7.1.jar;C:\Users\OwenAkli\.m2\repository\io\vertx\vertx-bridge-common\3.7.1\vertx-bridge-common-3.7.1.jar;C:\Users\OwenAkli\.m2\repository\io\vertx\vertx-core\3.7.1\vertx-core-3.7.1.jar;C:\Users\OwenAkli\.m2\repository\io\netty\netty-common\4.1.34.Final\netty-common-4.1.34.Final.jar;C:\Users\OwenAkli\.m2\repository\io\netty\netty-buffer\4.1.34.Final\netty-buffer-4.1.34.Final.jar;C:\Users\OwenAkli\.m2\repository\io\netty\netty-transport\4.1.34.Final\netty-transport-4.1.34.Final.jar;C:\Users\OwenAkli\.m2\repository\io\netty\netty-handler\4.1.34.Final\netty-handler-4.1.34.Final.jar;C:\Users\OwenAkli\.m2\repository\io\netty\netty-codec\4.1.34.Final\netty-codec-4.1.34.Final.jar;C:\Users\OwenAkli\.m2\repository\io\netty\netty-handler-proxy\4.1.34.Final\netty-handler-proxy-4.1.34.Final.jar;C:\Users\OwenAkli\.m2\repository\io\netty\netty-codec-socks\4.1.34.Final\netty-codec-socks-4.1.34.Final.jar;C:\Users\OwenAkli\.m2\repository\io\netty\netty-codec-http\4.1.34.Final\netty-codec-http-4.1.34.Final.jar;C:\Users\OwenAkli\.m2\repository\io\netty\netty-codec-http2\4.1.34.Final\netty-codec-http2-4.1.34.Final.jar;C:\Users\OwenAkli\.m2\repository\io\netty\netty-resolver\4.1.34.Final\netty-resolver-4.1.34.Final.jar;C:\Users\OwenAkli\.m2\repository\io\netty\netty-resolver-dns\4.1.34.Final\netty-resolver-dns-4.1.34.Final.jar;C:\Users\OwenAkli\.m2\repository\io\netty\netty-codec-dns\4.1.34.Final\netty-codec-dns-4.1.34.Final.jar;C:\Users\OwenAkli\.m2\repository\com\fasterxml\jackson\core\jackson-core\2.9.8\jackson-core-2.9.8.jar;C:\Users\OwenAkli\.m2\repository\com\fasterxml\jackson\core\jackson-databind\2.9.8\jackson-databind-2.9.8.jar;C:\Users\OwenAkli\.m2\repository\com\fasterxml\jackson\core\jackson-annotations\2.9.8\jackson-annotations-2.9.8.jar;C:\Users\OwenAkli\.m2\repository\io\vertx\vertx-jdbc-client\3.7.1\vertx-jdbc-client-3.7.1.jar;C:\Users\OwenAkli\.m2\repository\io\vertx\vertx-sql-common\3.7.1\vertx-sql-common-3.7.1.jar;C:\Users\OwenAkli\.m2\repository\com\mchange\c3p0\0.9.5.2\c3p0-0.9.5.2.jar;C:\Users\OwenAkli\.m2\repository\com\mchange\mchange-commons-java\0.2.11\mchange-commons-java-0.2.11.jar;C:\Users\OwenAkli\.m2\repository\io\vertx\vertx-junit5\3.7.1\vertx-junit5-3.7.1.jar;C:\Users\OwenAkli\.m2\repository\io\vertx\vertx-rx-java\3.7.1\vertx-rx-java-3.7.1.jar;C:\Users\OwenAkli\.m2\repository\io\reactivex\rxjava\1.3.8\rxjava-1.3.8.jar;C:\Users\OwenAkli\.m2\repository\io\vertx\vertx-rx-gen\3.7.1\vertx-rx-gen-3.7.1.jar;C:\Users\OwenAkli\.m2\repository\io\vertx\vertx-codegen\3.7.1\vertx-codegen-3.7.1.jar;C:\Users\OwenAkli\.m2\repository\org\mvel\mvel2\2.3.1.Final\mvel2-2.3.1.Final.jar;C:\Users\OwenAkli\.m2\repository\io\vertx\vertx-rx-java2\3.7.1\vertx-rx-java2-3.7.1.jar;C:\Users\OwenAkli\.m2\repository\io\reactivex\rxjava2\rxjava\2.2.4\rxjava-2.2.4.jar;C:\Users\OwenAkli\.m2\repository\org\reactivestreams\reactive-streams\1.0.2\reactive-streams-1.0.2.jar;C:\Users\OwenAkli\.m2\repository\org\junit\jupiter\junit-jupiter-api\5.4.0\junit-jupiter-api-5.4.0.jar;C:\Users\OwenAkli\.m2\repository\org\apiguardian\apiguardian-api\1.0.0\apiguardian-api-1.0.0.jar;C:\Users\OwenAkli\.m2\repository\org\opentest4j\opentest4j\1.1.1\opentest4j-1.1.1.jar;C:\Users\OwenAkli\.m2\repository\org\junit\platform\junit-platform-commons\1.4.0\junit-platform-commons-1.4.0.jar;C:\Users\OwenAkli\.m2\repository\org\junit\jupiter\junit-jupiter-engine\5.4.0\junit-jupiter-engine-5.4.0.jar;C:\Users\OwenAkli\.m2\repository\org\junit\platform\junit-platform-engine\1.4.0\junit-platform-engine-1.4.0.jar;"/>
    <property name="sun.cpu.endian" value="little"/>
    <property name="user.home" value="C:\Users\OwenAkli"/>
    <property name="user.language" value="en"/>
    <property name="java.specification.vendor" value="Oracle Corporation"/>
    <property name="java.version.date" value="2020-01-14"/>
    <property name="java.home" value="C:\Program Files\AdoptOpenJDK\jdk-11.0.6.10-hotspot"/>
    <property name="file.separator" value="\"/>
    <property name="basedir" value="C:\Users\OwenAkli\Projects\web\learning-vertx"/>
    <property name="java.vm.compressedOopsMode" value="Zero based"/>
    <property name="line.separator" value="&#10;"/>
    <property name="java.specification.name" value="Java Platform API Specification"/>
    <property name="java.vm.specification.vendor" value="Oracle Corporation"/>
    <property name="java.awt.graphicsenv" value="sun.awt.Win32GraphicsEnvironment"/>
    <property name="surefire.real.class.path" value="C:\Users\OwenAkli\AppData\Local\Temp\surefire430321989791553819\surefirebooter7628794997992971335.jar"/>
    <property name="user.script" value=""/>
    <property name="sun.management.compiler" value="HotSpot 64-Bit Tiered Compilers"/>
    <property name="java.runtime.version" value="11.0.6+10"/>
    <property name="user.name" value="OwenAkli"/>
    <property name="path.separator" value=";"/>
    <property name="os.version" value="10.0"/>
    <property name="java.runtime.name" value="OpenJDK Runtime Environment"/>
    <property name="file.encoding" value="Cp1252"/>
    <property name="java.vm.name" value="OpenJDK 64-Bit Server VM"/>
    <property name="java.vendor.version" value="AdoptOpenJDK"/>
    <property name="localRepository" value="C:\Users\OwenAkli\.m2\repository"/>
    <property name="java.vendor.url.bug" value="https://github.com/AdoptOpenJDK/openjdk-support/issues"/>
    <property name="java.io.tmpdir" value="C:\Users\OwenAkli\AppData\Local\Temp\"/>
    <property name="java.version" value="11.0.6"/>
    <property name="user.dir" value="C:\Users\OwenAkli\Projects\web\learning-vertx"/>
    <property name="os.arch" value="amd64"/>
    <property name="java.vm.specification.name" value="Java Virtual Machine Specification"/>
    <property name="java.awt.printerjob" value="sun.awt.windows.WPrinterJob"/>
    <property name="sun.os.patch.level" value=""/>
    <property name="java.library.path" value="C:\Program Files\AdoptOpenJDK\jdk-11.0.6.10-hotspot\bin;C:\WINDOWS\Sun\Java\bin;C:\WINDOWS\system32;C:\WINDOWS;C:\Program Files\AdoptOpenJDK\jdk-11.0.6.10-hotspot\bin;C:\WINDOWS\system32;C:\WINDOWS;C:\WINDOWS\System32\Wbem;C:\WINDOWS\System32\WindowsPowerShell\v1.0\;C:\Program Files\Git\cmd;C:\Program Files\nodejs\;C:\php;C:\ProgramData\ComposerSetup\bin;C:\Program Files\Docker\Docker\resources\bin;C:\ProgramData\DockerDesktop\version-bin;C:\WINDOWS\System32\OpenSSH\;C:\Users\OwenAkli\AppData\Local\Microsoft\WindowsApps;C:\Users\OwenAkli\AppData\Local\Programs\Microsoft VS Code\bin;C:\Users\OwenAkli\AppData\Roaming\npm;C:\Users\OwenAkli\AppData\Roaming\Composer\vendor\bin;C:\flutter\bin;C:\apache-maven-3.6.3\bin;;."/>
    <property name="java.vendor" value="AdoptOpenJDK"/>
    <property name="java.vm.info" value="mixed mode"/>
    <property name="java.vm.version" value="11.0.6+10"/>
    <property name="sun.io.unicode.encoding" value="UnicodeLittle"/>
    <property name="java.class.version" value="55.0"/>
  </properties>
  <testcase name="verticle_deployed{Vertx, VertxTestContext}" classname="com.example.owen.books.TestMainVerticle" time="2.767"/>
</testsuite>